<?xml version="1.0" encoding="utf-8"?><testsuites name="pytest tests"><testsuite name="pytest" errors="0" failures="0" skipped="0" tests="21" time="4.264" timestamp="2026-09-04T03:21:36.654016+00:00" hostname="agent-env-f04d4683-d44d-470e-a665-c710ddf8e69d"><testcase classname="tests.test_peixe_esperto_api" name="test_health_root" time="0.272" /><testcase classname="tests.test_peixe_esperto_api" name="test_register_user_a" time="0.329" /><testcase classname="tests.test_peixe_esperto_api" name="test_register_duplicate_email_returns_409" time="0.076" /><testcase classname="tests.test_peixe_esperto_api" name="test_login_wrong_password_returns_401" time="0.296" /><testcase classname="tests.test_peixe_esperto_api" name="test_login_correct_returns_token" time="0.300" /><testcase classname="tests.test_peixe_esperto_api" name="test_me_returns_user_without_password" time="0.085" /><testcase classname="tests.test_peixe_esperto_api" name="test_me_without_token_returns_401" time="0.070" /><testcase classname="tests.test_peixe_esperto_api" name="test_bankrolls_initially_empty" time="0.078" /><testcase classname="tests.test_peixe_esperto_api" name="test_create_bankroll" time="0.073" /><testcase classname="tests.test_peixe_esperto_api" name="test_list_bankrolls_after_create" time="0.070" /><testcase classname="tests.test_peixe_esperto_api" name="test_update_bankroll" time="0.147" /><testcase classname="tests.test_peixe_esperto_api" name="test_create_bet_requires_valid_bankroll" time="0.077" /><testcase classname="tests.test_peixe_esperto_api" name="test_create_bet_success" time="0.071" /><testcase classname="tests.test_peixe_esperto_api" name="test_list_bets_by_bankroll" time="0.076" /><testcase classname="tests.test_peixe_esperto_api" name="test_update_bet_status" time="0.145" /><testcase classname="tests.test_peixe_esperto_api" name="test_cross_device_persistence" time="0.436" /><testcase classname="tests.test_peixe_esperto_api" name="test_data_isolation_between_users" time="0.510" /><testcase classname="tests.test_peixe_esperto_api" name="test_casas_default_list" time="0.071" /><testcase classname="tests.test_peixe_esperto_api" name="test_casas_add_custom_persists" time="0.147" /><testcase classname="tests.test_peixe_esperto_api" name="test_delete_bankroll_cascades_bets" time="0.208" /><testcase classname="tests.test_peixe_esperto_api" name="test_delete_bet_direct" time="0.342" /></testsuite></testsuites>